<?xml version="1.0" encoding="UTF-8"?>
<!-- Generated by org.testng.reporters.JUnitReportReporter -->
<testsuite skipped="0" hostname="DESKTOP-3TK8165" name="com.cicd.demoproject.TestClass1" tests="3" failures="0" timestamp="2022-03-26T15:50:08 IST" time="21.732" errors="0">
  <testcase name="Test1" time="6.579" classname="com.cicd.demoproject.TestClass1"/>
  <system-out/>
  <testcase name="Test3" time="9.798" classname="com.cicd.demoproject.TestClass1"/>
  <system-out/>
  <testcase name="Test2" time="5.355" classname="com.cicd.demoproject.TestClass1"/>
  <system-out/>
</testsuite> <!-- com.cicd.demoproject.TestClass1 -->
