<?xml version="1.0" encoding="UTF-8"?>
<!-- Generated by org.testng.reporters.JUnitReportReporter -->
<testsuite hostname="DESKTOP-3TK8165" name="com.cicd.demoproject.TestClass1" tests="3" failures="0" timestamp="26 Mar 2022 10:04:21 GMT" time="24.526" errors="0">
  <testcase name="Test1" time="13.565" classname="com.cicd.demoproject.TestClass1"/>
  <testcase name="Test2" time="5.660" classname="com.cicd.demoproject.TestClass1"/>
  <testcase name="Test3" time="5.301" classname="com.cicd.demoproject.TestClass1"/>
</testsuite> <!-- com.cicd.demoproject.TestClass1 -->
